C:\USERS\SHAUKAT\DESKTOP\BGI\DEBUG\BGIOUT.OBJ
C:\USERS\SHAUKAT\DESKTOP\BGI\DEBUG\DIBUTIL.OBJ
C:\USERS\SHAUKAT\DESKTOP\BGI\DEBUG\DRAWING.OBJ
C:\USERS\SHAUKAT\DESKTOP\BGI\DEBUG\FILE.OBJ
C:\USERS\SHAUKAT\DESKTOP\BGI\DEBUG\MISC.OBJ
C:\USERS\SHAUKAT\DESKTOP\BGI\DEBUG\MOUSE.OBJ
C:\USERS\SHAUKAT\DESKTOP\BGI\DEBUG\PALETTE.OBJ
C:\USERS\SHAUKAT\DESKTOP\BGI\DEBUG\MAIN.OBJ
C:\USERS\SHAUKAT\DESKTOP\BGI\DEBUG\TEXT.OBJ
C:\USERS\SHAUKAT\DESKTOP\BGI\DEBUG\WINBGI.OBJ
C:\USERS\SHAUKAT\DESKTOP\BGI\DEBUG\WINTHREAD.OBJ
C:\USERS\SHAUKAT\DESKTOP\BGI\DEBUG\VC110.PDB
C:\USERS\SHAUKAT\DESKTOP\BGI\DEBUG\Исходный код.OBJ
C:\USERS\SHAUKAT\DESKTOP\BGI\DEBUG\BGI.ILK
C:\USERS\SHAUKAT\DESKTOP\BGI\DEBUG\BGI.EXE
C:\USERS\SHAUKAT\DESKTOP\BGI\DEBUG\BGI.PDB
C:\Users\Shaukat\Desktop\bgi\Debug\bgi.obj
C:\Users\Shaukat\Desktop\bgi\Debug\bgiout.obj
C:\Users\Shaukat\Desktop\bgi\Debug\dibutil.obj
C:\Users\Shaukat\Desktop\bgi\Debug\drawing.obj
C:\Users\Shaukat\Desktop\bgi\Debug\file.obj
C:\Users\Shaukat\Desktop\bgi\Debug\main.obj
C:\Users\Shaukat\Desktop\bgi\Debug\misc.obj
C:\Users\Shaukat\Desktop\bgi\Debug\mouse.obj
C:\Users\Shaukat\Desktop\bgi\Debug\palette.obj
C:\Users\Shaukat\Desktop\bgi\Debug\test-colors.obj
C:\Users\Shaukat\Desktop\bgi\Debug\text.obj
C:\Users\Shaukat\Desktop\bgi\Debug\winbgi.obj
C:\Users\Shaukat\Desktop\bgi\Debug\winthread.obj
C:\Users\Shaukat\Desktop\bgi\Debug\Исходный код.obj
C:\Users\Shaukat\Desktop\bgi\Debug\bgi.ilk
C:\Users\Shaukat\Desktop\bgi\Debug\cl.command.1.tlog
C:\Users\Shaukat\Desktop\bgi\Debug\CL.read.1.tlog
C:\Users\Shaukat\Desktop\bgi\Debug\CL.write.1.tlog
C:\Users\Shaukat\Desktop\bgi\Debug\link-cvtres.read.1.tlog
C:\Users\Shaukat\Desktop\bgi\Debug\link-cvtres.write.1.tlog
C:\Users\Shaukat\Desktop\bgi\Debug\link-rc.read.1.tlog
C:\Users\Shaukat\Desktop\bgi\Debug\link-rc.write.1.tlog
C:\Users\Shaukat\Desktop\bgi\Debug\link.18776-cvtres.read.1.tlog
C:\Users\Shaukat\Desktop\bgi\Debug\link.18776-cvtres.write.1.tlog
C:\Users\Shaukat\Desktop\bgi\Debug\link.18776-rc.read.1.tlog
C:\Users\Shaukat\Desktop\bgi\Debug\link.18776-rc.write.1.tlog
C:\Users\Shaukat\Desktop\bgi\Debug\link.18776.read.1.tlog
C:\Users\Shaukat\Desktop\bgi\Debug\link.18776.write.1.tlog
C:\Users\Shaukat\Desktop\bgi\Debug\link.25936-cvtres.read.1.tlog
C:\Users\Shaukat\Desktop\bgi\Debug\link.25936-cvtres.write.1.tlog
C:\Users\Shaukat\Desktop\bgi\Debug\link.25936-rc.read.1.tlog
C:\Users\Shaukat\Desktop\bgi\Debug\link.25936-rc.write.1.tlog
C:\Users\Shaukat\Desktop\bgi\Debug\link.25936.read.1.tlog
C:\Users\Shaukat\Desktop\bgi\Debug\link.25936.write.1.tlog
C:\Users\Shaukat\Desktop\bgi\Debug\link.2728-cvtres.read.1.tlog
C:\Users\Shaukat\Desktop\bgi\Debug\link.2728-cvtres.write.1.tlog
C:\Users\Shaukat\Desktop\bgi\Debug\link.2728-rc.read.1.tlog
C:\Users\Shaukat\Desktop\bgi\Debug\link.2728-rc.write.1.tlog
C:\Users\Shaukat\Desktop\bgi\Debug\link.2728.read.1.tlog
C:\Users\Shaukat\Desktop\bgi\Debug\link.2728.write.1.tlog
C:\Users\Shaukat\Desktop\bgi\Debug\link.command.1.tlog
C:\Users\Shaukat\Desktop\bgi\Debug\link.read.1.tlog
C:\Users\Shaukat\Desktop\bgi\Debug\link.write.1.tlog
C:\Users\Shaukat\Desktop\bgi\Debug\mt.command.1.tlog
C:\Users\Shaukat\Desktop\bgi\Debug\mt.read.1.tlog
C:\Users\Shaukat\Desktop\bgi\Debug\mt.write.1.tlog
C:\Users\Shaukat\Desktop\bgi\Debug\bgi.exe.intermediate.manifest
C:\Users\Shaukat\Desktop\bgi\Debug\vc100.idb
C:\Users\Shaukat\Desktop\bgi\Debug\vc110.idb
C:\Users\Shaukat\Desktop\bgi\Debug\bgi.pdb
C:\Users\Shaukat\Desktop\bgi\Debug\vc100.pdb
C:\Users\Shaukat\Desktop\bgi\Debug\vc110.pdb
C:\Users\Shaukat\Desktop\bgi\Debug\bgi.exe
